<?xml version="1.0" encoding="UTF-8"?>
<!-- Generated by org.testng.reporters.JUnitReportReporter -->
<testsuite hostname="DESKTOP-UQLK5NR" failures="0" tests="3" name="testPack.TestNG" time="55.786" errors="0" timestamp="2023-09-17T15:36:40 IST" skipped="0">
  <testcase classname="testPack.TestNG" name="Verify_From_and_TO_textbox" time="5.951"/>
  <testcase classname="testPack.TestNG" name="Verify_Calender_Textbox" time="9.240"/>
  <testcase classname="testPack.TestNG" name="Passengers_Textbox" time="40.595"/>
</testsuite> <!-- testPack.TestNG -->
