<?xml version="1.0" encoding="UTF-8"?>
<!-- Generated by org.testng.reporters.JUnitReportReporter -->
<testsuite hostname="DESKTOP-UQLK5NR" failures="0" tests="4" name="testPack.From_and_To_Textbox" time="8.806" errors="0" timestamp="2023-10-14T13:31:11 IST" skipped="2">
  <testcase classname="testPack.From_and_To_Textbox" name="Verify_From_Side_Textbox" time="0.000">
    <skipped/>
  </testcase> <!-- Verify_From_Side_Textbox -->
  <testcase classname="testPack.From_and_To_Textbox" name="Verify_From_Side_Textbox" time="4.708"/>
  <testcase classname="testPack.From_and_To_Textbox" name="Verify_TO_Textbox_Side" time="4.098"/>
  <testcase classname="testPack.From_and_To_Textbox" name="Verify_TO_Textbox_Side" time="0.000">
    <skipped/>
  </testcase> <!-- Verify_TO_Textbox_Side -->
</testsuite> <!-- testPack.From_and_To_Textbox -->
