<?xml version="1.0" encoding="UTF-8"?>
<!-- Generated by org.testng.reporters.JUnitReportReporter -->
<testsuite hostname="DESKTOP-UQLK5NR" failures="0" tests="6" name="testPack.Passengers_Textbox" time="33.259" errors="0" timestamp="2023-10-14T13:31:11 IST" skipped="3">
  <testcase classname="testPack.Passengers_Textbox" name="Verify_Adult_Increase_Decrease_button" time="14.474"/>
  <testcase classname="testPack.Passengers_Textbox" name="Verify_Adult_Increase_Decrease_button" time="0.000">
    <skipped/>
  </testcase> <!-- Verify_Adult_Increase_Decrease_button -->
  <testcase classname="testPack.Passengers_Textbox" name="Verify_Children_Increase_Decrease_Button" time="0.000">
    <skipped/>
  </testcase> <!-- Verify_Children_Increase_Decrease_Button -->
  <testcase classname="testPack.Passengers_Textbox" name="Verify_Children_Increase_Decrease_Button" time="9.342"/>
  <testcase classname="testPack.Passengers_Textbox" name="Verify_Infant_Icrease_Decrease_Button" time="9.443"/>
  <testcase classname="testPack.Passengers_Textbox" name="Verify_Infant_Icrease_Decrease_Button" time="0.000">
    <skipped/>
  </testcase> <!-- Verify_Infant_Icrease_Decrease_Button -->
</testsuite> <!-- testPack.Passengers_Textbox -->
